<?xml version="1.0" encoding="UTF-8"?>
<testng-results ignored="0" total="1" passed="1" failed="0" skipped="0">
  <reporter-output>
  </reporter-output>
  <suite started-at="2023-09-07T08:47:19 IST" name="Default suite" finished-at="2023-09-07T08:47:48 IST" duration-ms="29240">
    <groups>
    </groups>
    <test started-at="2023-09-07T08:47:19 IST" name="Default test" finished-at="2023-09-07T08:47:48 IST" duration-ms="29240">
      <class name="scripts.TestCase2">
        <test-method is-config="true" signature="openApp()[pri:0, instance:scripts.TestCase2@6aeb35e6]" started-at="2023-09-07T08:47:19 IST" name="openApp" finished-at="2023-09-07T08:47:31 IST" duration-ms="11765" status="PASS">
          <reporter-output>
          </reporter-output>
        </test-method> <!-- openApp -->
        <test-method signature="testCase2()[pri:0, instance:scripts.TestCase2@6aeb35e6]" started-at="2023-09-07T08:47:31 IST" name="testCase2" finished-at="2023-09-07T08:47:48 IST" duration-ms="17247" status="PASS">
          <reporter-output>
          </reporter-output>
        </test-method> <!-- testCase2 -->
        <test-method is-config="true" signature="closeApp(org.testng.ITestResult)[pri:0, instance:scripts.TestCase2@6aeb35e6]" started-at="2023-09-07T08:47:48 IST" name="closeApp" finished-at="2023-09-07T08:47:48 IST" duration-ms="18" status="PASS">
          <params>
            <param index="0">
              <value>
                <![CDATA[[TestResult name=testCase2 status=SUCCESS method=TestCase2.testCase2()[pri:0, instance:scripts.TestCase2@6aeb35e6] output={null}]]]>
              </value>
            </param>
          </params>
          <reporter-output>
          </reporter-output>
        </test-method> <!-- closeApp -->
      </class> <!-- scripts.TestCase2 -->
    </test> <!-- Default test -->
  </suite> <!-- Default suite -->
</testng-results>
